Autoresearch daemon started: mode=all, max_hours=6.0
Log: G:\_OneDrive\OneDrive\Desktop\Py Apps\memorymaster\autoresearch_results.jsonl
Traceback (most recent call last):
  File "G:\_OneDrive\OneDrive\Desktop\Py Apps\memorymaster\scripts\autoresearch_daemon.py", line 213, in main
    validation_iteration(iteration)
  File "G:\_OneDrive\OneDrive\Desktop\Py Apps\memorymaster\scripts\autoresearch_daemon.py", line 152, in validation_iteration
    log_result("validation", i, "cycle_failed", output[:200])
  File "G:\_OneDrive\OneDrive\Desktop\Py Apps\memorymaster\scripts\autoresearch_daemon.py", line 47, in log_result
    print(f"[{mode}:{iteration}] {action} \u2192 {result}")
  File "C:\Users\pauol\AppData\Local\Programs\Python\Python312\Lib\encodings\cp1252.py", line 19, in encode
    return codecs.charmap_encode(input,self.errors,encoding_table)[0]
           ^^^^^^^^^^^^^^^^^^^^^^^^^^^^^^^^^^^^^^^^^^^^^^^^^^^^^^^
UnicodeEncodeError: 'charmap' codec can't encode character '\u2192' in position 28: character maps to <undefined>

During handling of the above exception, another exception occurred:

Traceback (most recent call last):
  File "G:\_OneDrive\OneDrive\Desktop\Py Apps\memorymaster\scripts\autoresearch_daemon.py", line 225, in <module>
    main()
  File "G:\_OneDrive\OneDrive\Desktop\Py Apps\memorymaster\scripts\autoresearch_daemon.py", line 217, in main
    log_result(mode, iteration, "error", str(exc)[:200])
  File "G:\_OneDrive\OneDrive\Desktop\Py Apps\memorymaster\scripts\autoresearch_daemon.py", line 47, in log_result
    print(f"[{mode}:{iteration}] {action} \u2192 {result}")
  File "C:\Users\pauol\AppData\Local\Programs\Python\Python312\Lib\encodings\cp1252.py", line 19, in encode
    return codecs.charmap_encode(input,self.errors,encoding_table)[0]
           ^^^^^^^^^^^^^^^^^^^^^^^^^^^^^^^^^^^^^^^^^^^^^^^^^^^^^^^
UnicodeEncodeError: 'charmap' codec can't encode character '\u2192' in position 21: character maps to <undefined>
